0 info it worked if it ends with ok
1 verbose cli [ 'node', '/usr/local/bin/npm', 'install', 'https' ]
2 info using npm@1.1.59
3 info using node@v0.8.8
4 verbose read json /Users/kylejaster/Dev/noodledash/package.json
5 warn package.json noodledash@0.0.1 No README.md file found!
6 verbose read json /Users/kylejaster/Dev/noodledash/node_modules/ejs/package.json
7 verbose read json /Users/kylejaster/Dev/noodledash/node_modules/express/package.json
8 verbose read json /Users/kylejaster/Dev/noodledash/node_modules/googleanalytics/package.json
9 verbose read json /Users/kylejaster/Dev/noodledash/node_modules/less-middleware/package.json
10 verbose read json /Users/kylejaster/Dev/noodledash/node_modules/pivotal/package.json
11 verbose from cache /Users/kylejaster/Dev/noodledash/package.json
12 verbose readDependencies using package.json deps
13 verbose cache add [ 'https', null ]
14 silly cache add name=undefined spec="https" args=["https",null]
15 verbose parsed url { pathname: 'https', path: 'https', href: 'https' }
16 silly lockFile c3437dbc-https https
17 verbose lock https /Users/kylejaster/.npm/c3437dbc-https.lock
18 silly lockFile c3437dbc-https https
19 verbose addNamed [ 'https', '' ]
20 verbose addNamed [ null, '' ]
21 silly lockFile 421d451a-https https@
22 verbose lock https@ /Users/kylejaster/.npm/421d451a-https.lock
23 silly addNameRange { name: 'https', range: '', hasData: false }
24 verbose url raw https
25 verbose url resolving [ 'https://registry.npmjs.org/', './https' ]
26 verbose url resolved https://registry.npmjs.org/https
27 info retry registry request attempt 1 at 10:30:13
28 http GET https://registry.npmjs.org/https
29 http 404 https://registry.npmjs.org/https
30 silly registry.get cb [ 404,
30 silly registry.get   { server: 'CouchDB/1.2.0 (Erlang OTP/R15B)',
30 silly registry.get     date: 'Wed, 21 Nov 2012 15:29:43 GMT',
30 silly registry.get     'content-type': 'application/json',
30 silly registry.get     'content-length': '52',
30 silly registry.get     'cache-control': 'must-revalidate' } ]
31 silly lockFile 421d451a-https https@
32 error 404 'https' is not in the npm registry.
32 error 404 You should bug the author to publish it
32 error 404
32 error 404 Note that you can also install from a
32 error 404 tarball, folder, or http url, or git url.
33 error System Darwin 11.4.2
34 error command "node" "/usr/local/bin/npm" "install" "https"
35 error cwd /Users/kylejaster/Dev/noodledash
36 error node -v v0.8.8
37 error npm -v 1.1.59
38 error code E404
39 verbose exit [ 1, true ]
